[2013-04-13 12:00:03] START
[2013-04-13 12:00:03] CREATE default/tester.html: 0
[2013-04-13 12:00:11] EDIT py2manager/views/default/tester.html: 5
[2013-04-13 12:00:55] EDIT py2manager/views/default/tester.html: 0
[2013-04-13 12:01:18] EDIT py2manager/views/default/tester.html: 0
[2013-04-13 12:05:18] EDIT py2manager/controllers/default.py: 1
[2013-04-13 12:05:31] EDIT py2manager/controllers/default.py: 1
[2013-04-13 12:26:33] EDIT py2manager/controllers/default.py: 5
[2013-04-13 12:26:42] EDIT py2manager/controllers/default.py: 0
[2013-04-13 12:27:16] EDIT py2manager/controllers/default.py: 0
[2013-04-13 12:27:40] EDIT py2manager/controllers/default.py: 0
[2013-04-13 12:32:41] EDIT py2manager/models/db_task.py: 2
[2013-04-13 12:33:03] EDIT py2manager/models/db_task.py: 0
[2013-04-13 12:41:27] EDIT py2manager/controllers/default.py: 0
[2013-04-13 12:42:13] EDIT py2manager/controllers/default.py: 0
[2013-04-13 12:46:53] DELETE py2manager/views/default/tester.html: -8
[2013-04-13 12:47:14] CREATE default/note.html: 0
[2013-04-13 12:48:21] EDIT py2manager/views/default/note.html: 9
[2013-04-13 12:49:34] EDIT py2manager/controllers/default.py: 0
[2013-04-13 12:50:09] EDIT py2manager/views/default/note.html: 0
[2013-04-13 12:53:50] EDIT py2manager/models/db_task.py: 4
[2013-04-13 12:54:37] EDIT py2manager/models/db_task.py: 0
[2013-04-13 12:56:37] EDIT py2manager/views/default/note.html: 0
[2013-04-13 13:12:11] EDIT py2manager/controllers/default.py: 0
